[0m18:15:12.039897 [debug] [MainThread]: Sending event: {'category': 'dbt', 'action': 'invocation', 'label': 'start', 'context': [<snowplow_tracker.self_describing_json.SelfDescribingJson object at 0x0000022C73BE5010>, <snowplow_tracker.self_describing_json.SelfDescribingJson object at 0x0000022C71870050>, <snowplow_tracker.self_describing_json.SelfDescribingJson object at 0x0000022C74D4FC50>]}


============================== 18:15:12.078404 | 724e3ff1-a25e-4f5b-81d1-d7a622eea4bc ==============================
[0m18:15:12.078404 [info ] [MainThread]: Running with dbt=1.11.4
[0m18:15:12.079479 [debug] [MainThread]: running dbt with arguments {'version_check': 'True', 'no_print': 'None', 'static_parser': 'True', 'target_path': 'None', 'warn_error_options': 'WarnErrorOptionsV2(error=[], warn=[], silence=[])', 'printer_width': '80', 'write_json': 'True', 'introspect': 'True', 'log_cache_events': 'False', 'empty': 'None', 'cache_selected_only': 'False', 'fail_fast': 'False', 'debug': 'False', 'log_format': 'default', 'partial_parse': 'True', 'send_anonymous_usage_stats': 'True', 'quiet': 'False', 'warn_error': 'None', 'profiles_dir': 'C:\\Users\\barav\\.dbt', 'indirect_selection': 'eager', 'invocation_command': 'dbt init taxi_rides_ny', 'use_colors': 'True', 'use_experimental_parser': 'False', 'log_path': 'logs'}
[0m18:15:12.174743 [info ] [MainThread]: Creating dbt configuration folder at C:\Users\barav\.dbt
[0m18:15:12.180281 [debug] [MainThread]: Starter project path: D:\DEV\DEZoocamp2026\04_analytics-engineering\.venv\Lib\site-packages\dbt\include\starter_project
[0m18:15:12.193201 [info ] [MainThread]: 
Your new dbt project "taxi_rides_ny" was created!

For more information on how to configure the profiles.yml file,
please consult the dbt documentation here:

  https://docs.getdbt.com/docs/configure-your-profile

One more thing:

Need help? Don't hesitate to reach out to us via GitHub issues or on Slack:

  https://community.getdbt.com/

Happy modeling!

[0m18:15:12.194213 [info ] [MainThread]: Setting up your profile.
[0m18:15:19.364840 [info ] [MainThread]: Profile taxi_rides_ny written to C:\Users\barav\.dbt\profiles.yml using target's sample configuration. Once updated, you'll be able to start developing with dbt.
[0m18:15:19.366152 [debug] [MainThread]: Command `dbt init` succeeded at 18:15:19.365964 after 7.54 seconds
[0m18:15:19.366582 [debug] [MainThread]: Sending event: {'category': 'dbt', 'action': 'invocation', 'label': 'end', 'context': [<snowplow_tracker.self_describing_json.SelfDescribingJson object at 0x0000022C74E37100>, <snowplow_tracker.self_describing_json.SelfDescribingJson object at 0x0000022C74E26E70>, <snowplow_tracker.self_describing_json.SelfDescribingJson object at 0x0000022C74E33240>]}
[0m18:15:19.367035 [debug] [MainThread]: Flushing usage events
[0m18:15:20.203157 [debug] [MainThread]: An error was encountered while trying to flush usage events
